Flutter crash report.
Please report a bug at https://github.com/flutter/flutter/issues.

## command

flutter run

## exception

StateError: Bad state: No element

```
#0      Stream.first.<anonymous closure> (dart:async/stream.dart:1581:9)
#1      _rootRun (dart:async/zone.dart:1390:47)
#2      _CustomZone.run (dart:async/zone.dart:1300:19)
#3      _CustomZone.runGuarded (dart:async/zone.dart:1208:7)
#4      _BufferingStreamSubscription._sendDone.sendDone (dart:async/stream_impl.dart:392:13)
#5      _BufferingStreamSubscription._sendDone (dart:async/stream_impl.dart:402:7)
#6      _BufferingStreamSubscription._close (dart:async/stream_impl.dart:291:7)
#7      _SyncBroadcastStreamController._sendDone.<anonymous closure> (dart:async/broadcast_stream_controller.dart:399:22)
#8      _BroadcastStreamController._forEachListener (dart:async/broadcast_stream_controller.dart:322:15)
#9      _SyncBroadcastStreamController._sendDone (dart:async/broadcast_stream_controller.dart:398:7)
#10     _BroadcastStreamController.close (dart:async/broadcast_stream_controller.dart:268:5)
#11     _AsBroadcastStreamController.close (dart:async/broadcast_stream_controller.dart:505:27)
#12     _rootRun (dart:async/zone.dart:1390:47)
#13     _CustomZone.run (dart:async/zone.dart:1300:19)
#14     _CustomZone.runGuarded (dart:async/zone.dart:1208:7)
#15     _BufferingStreamSubscription._sendDone.sendDone (dart:async/stream_impl.dart:392:13)
#16     _BufferingStreamSubscription._sendDone (dart:async/stream_impl.dart:402:7)
#17     _BufferingStreamSubscription._close (dart:async/stream_impl.dart:291:7)
#18     _SinkTransformerStreamSubscription._close (dart:async/stream_transformers.dart:87:11)
#19     _EventSinkWrapper.close (dart:async/stream_transformers.dart:21:11)
#20     _StringAdapterSink.close (dart:convert/string_conversion.dart:251:11)
#21     _Utf8ConversionSink.close (dart:convert/string_conversion.dart:305:20)
#22     _ErrorHandlingAsciiDecoderSink.close (dart:convert/ascii.dart:261:15)
#23     _ConverterStreamEventSink.close (dart:convert/chunked_conversion.dart:81:18)
#24     _SinkTransformerStreamSubscription._handleDone (dart:async/stream_transformers.dart:132:24)
#25     _rootRun (dart:async/zone.dart:1390:47)
#26     _CustomZone.run (dart:async/zone.dart:1300:19)
#27     _CustomZone.runGuarded (dart:async/zone.dart:1208:7)
#28     _BufferingStreamSubscription._sendDone.sendDone (dart:async/stream_impl.dart:392:13)
#29     _BufferingStreamSubscription._sendDone (dart:async/stream_impl.dart:402:7)
#30     _BufferingStreamSubscription._close (dart:async/stream_impl.dart:291:7)
#31     _SyncStreamControllerDispatch._sendDone (dart:async/stream_controller.dart:782:19)
#32     _StreamController._closeUnchecked (dart:async/stream_controller.dart:637:7)
#33     _StreamController.close (dart:async/stream_controller.dart:630:5)
#34     _Socket._onData (dart:io-patch/socket_patch.dart:2362:21)
#35     _rootRunUnary (dart:async/zone.dart:1414:13)
#36     _CustomZone.runUnary (dart:async/zone.dart:1307:19)
#37     _CustomZone.runUnaryGuarded (dart:async/zone.dart:1216:7)
#38     _BufferingStreamSubscription._sendData (dart:async/stream_impl.dart:339:11)
#39     _BufferingStreamSubscription._add (dart:async/stream_impl.dart:271:7)
#40     _SyncStreamControllerDispatch._sendData (dart:async/stream_controller.dart:774:19)
#41     _StreamController._add (dart:async/stream_controller.dart:648:7)
#42     _StreamController.add (dart:async/stream_controller.dart:596:5)
#43     new _RawSocket.<anonymous closure> (dart:io-patch/socket_patch.dart:1884:35)
#44     _NativeSocket.issueReadEvent.issue (dart:io-patch/socket_patch.dart:1327:18)
#45     _microtaskLoop (dart:async/schedule_microtask.dart:40:21)
#46     _startMicrotaskLoop (dart:async/schedule_microtask.dart:49:5)
#47     _runPendingImmediateCallback (dart:isolate-patch/isolate_patch.dart:123:13)
#48     _RawReceivePort._handleMessage (dart:isolate-patch/isolate_patch.dart:193:5)
```

## flutter doctor

```
[32m[✓][39m Flutter (Channel stable, 3.7.11, on Microsoft Windows [Version 10.0.22621.1702], locale en-IN)
    [32m•[39m Flutter version 3.7.11 on channel stable at C:\Users\ajayn\Documents\flutter
    [32m•[39m Upstream repository https://github.com/flutter/flutter.git
    [32m•[39m Framework revision f72efea43c (6 weeks ago), 2023-04-11 11:57:21 -0700
    [32m•[39m Engine revision 1a65d409c7
    [32m•[39m Dart version 2.19.6
    [32m•[39m DevTools version 2.20.1

[32m[✓][39m Windows Version (Installed version of Windows is version 10 or higher)

[32m[✓][39m Android toolchain - develop for Android devices (Android SDK version 31.0.0)
    [32m•[39m Android SDK at C:\Users\ajayn\AppData\Local\Android\sdk
    [32m•[39m Platform android-33, build-tools 31.0.0
    [32m•[39m Java binary at: C:\Program Files\Android\Android Studio\jre\bin\java
    [32m•[39m Java version OpenJDK Runtime Environment (build 11.0.12+7-b1504.28-7817840)
    [32m•[39m All Android licenses accepted.

[32m[✓][39m Chrome - develop for the web
    [32m•[39m Chrome at C:\Program Files\Google\Chrome\Application\chrome.exe

[31m[✗][39m Visual Studio - develop for Windows
    [31m✗[39m Visual Studio not installed; this is necessary for Windows development.
      Download at https://visualstudio.microsoft.com/downloads/.
      Please install the "Desktop development with C++" workload, including all of its default components

[32m[✓][39m Android Studio (version 2021.2)
    [32m•[39m Android Studio at C:\Program Files\Android\Android Studio
    [32m•[39m Flutter plugin can be installed from:
      🔨 https://plugins.jetbrains.com/plugin/9212-flutter
    [32m•[39m Dart plugin can be installed from:
      🔨 https://plugins.jetbrains.com/plugin/6351-dart
    [32m•[39m Java version OpenJDK Runtime Environment (build 11.0.12+7-b1504.28-7817840)

[32m[✓][39m VS Code (version 1.78.2)
    [32m•[39m VS Code at C:\Users\ajayn\AppData\Local\Programs\Microsoft VS Code
    [32m•[39m Flutter extension version 3.64.0

[32m[✓][39m Connected device (3 available)
    [32m•[39m Windows (desktop) • windows • windows-x64    • Microsoft Windows [Version 10.0.22621.1702]
    [32m•[39m Chrome (web)      • chrome  • web-javascript • Google Chrome 113.0.5672.127
    [32m•[39m Edge (web)        • edge    • web-javascript • Microsoft Edge 111.0.1661.62

[32m[✓][39m HTTP Host Availability
    [32m•[39m All required HTTP hosts are available

[33m![39m Doctor found issues in 1 category.
```
